Copyright 1986-2019 Xilinx, Inc. All Rights Reserved.
-------------------------------------------------------------------------------------------------------------------------------
| Tool Version     : Vivado v.2019.2 (win64) Build 2708876 Wed Nov  6 21:40:23 MST 2019
| Date             : Tue Jun  2 13:45:45 2020
| Host             : DESKTOP-CK1FK5P running 64-bit major release  (build 9200)
| Command          : report_power -file dbu_power_routed.rpt -pb dbu_power_summary_routed.pb -rpx dbu_power_routed.rpx
| Design           : dbu
| Device           : xc7a100tcsg324-1
| Design State     : routed
| Grade            : commercial
| Process          : typical
| Characterization : Production
-------------------------------------------------------------------------------------------------------------------------------

Power Report

Table of Contents
-----------------
1. Summary
1.1 On-Chip Components
1.2 Power Supply Summary
1.3 Confidence Level
2. Settings
2.1 Environment
2.2 Clock Constraints
3. Detailed Reports
3.1 By Hierarchy

1. Summary
----------

+--------------------------+----------------------------------+
| Total On-Chip Power (W)  | 13.891 (Junction temp exceeded!) |
| Design Power Budget (W)  | Unspecified*                     |
| Power Budget Margin (W)  | NA                               |
| Dynamic (W)              | 13.594                           |
| Device Static (W)        | 0.297                            |
| Effective TJA (C/W)      | 4.6                              |
| Max Ambient (C)          | 21.6                             |
| Junction Temperature (C) | 88.4                             |
| Confidence Level         | Low                              |
| Setting File             | ---                              |
| Simulation Activity File | ---                              |
| Design Nets Matched      | NA                               |
+--------------------------+----------------------------------+
* Specify Design Power Budget using, set_operating_conditions -design_power_budget <value in Watts>


1.1 On-Chip Components
----------------------

+--------------------------+-----------+----------+-----------+-----------------+
| On-Chip                  | Power (W) | Used     | Available | Utilization (%) |
+--------------------------+-----------+----------+-----------+-----------------+
| Slice Logic              |     3.700 |     3296 |       --- |             --- |
|   LUT as Logic           |     3.376 |     1335 |     63400 |            2.11 |
|   CARRY4                 |     0.168 |       54 |     15850 |            0.34 |
|   Register               |     0.138 |      993 |    126800 |            0.78 |
|   F7/F8 Muxes            |     0.010 |      530 |     63400 |            0.84 |
|   BUFG                   |     0.006 |        1 |        32 |            3.13 |
|   LUT as Distributed RAM |     0.002 |      256 |     19000 |            1.35 |
|   Others                 |     0.000 |       22 |       --- |             --- |
| Signals                  |     5.582 |     2185 |       --- |             --- |
| I/O                      |     4.312 |       27 |       210 |           12.86 |
| Static Power             |     0.297 |          |           |                 |
| Total                    |    13.891 |          |           |                 |
+--------------------------+-----------+----------+-----------+-----------------+


1.2 Power Supply Summary
------------------------

+-----------+-------------+-----------+-------------+------------+
| Source    | Voltage (V) | Total (A) | Dynamic (A) | Static (A) |
+-----------+-------------+-----------+-------------+------------+
| Vccint    |       1.000 |     9.495 |       9.322 |      0.173 |
| Vccaux    |       1.800 |     0.195 |       0.157 |      0.039 |
| Vcco33    |       3.300 |     1.213 |       1.209 |      0.004 |
| Vcco25    |       2.500 |     0.000 |       0.000 |      0.000 |
| Vcco18    |       1.800 |     0.000 |       0.000 |      0.000 |
| Vcco15    |       1.500 |     0.000 |       0.000 |      0.000 |
| Vcco135   |       1.350 |     0.000 |       0.000 |      0.000 |
| Vcco12    |       1.200 |     0.000 |       0.000 |      0.000 |
| Vccaux_io |       1.800 |     0.000 |       0.000 |      0.000 |
| Vccbram   |       1.000 |     0.005 |       0.000 |      0.005 |
| MGTAVcc   |       1.000 |     0.000 |       0.000 |      0.000 |
| MGTAVtt   |       1.200 |     0.000 |       0.000 |      0.000 |
| Vccadc    |       1.800 |     0.020 |       0.000 |      0.020 |
+-----------+-------------+-----------+-------------+------------+


1.3 Confidence Level
--------------------

+-----------------------------+------------+--------------------------------------------------------+--------------------------------------------------------------------------------------------------------------------+
| User Input Data             | Confidence | Details                                                | Action                                                                                                             |
+-----------------------------+------------+--------------------------------------------------------+--------------------------------------------------------------------------------------------------------------------+
| Design implementation state | High       | Design is routed                                       |                                                                                                                    |
| Clock nodes activity        | Low        | User specified less than 75% of clocks                 | Provide missing clock activity with a constraint file, simulation results or by editing the "By Clock Domain" view |
| I/O nodes activity          | Low        | More than 75% of inputs are missing user specification | Provide missing input activity with simulation results or by editing the "By Resource Type -> I/Os" view           |
| Internal nodes activity     | Medium     | User specified less than 25% of internal nodes         | Provide missing internal nodes activity with simulation results or by editing the "By Resource Type" views         |
| Device models               | High       | Device models are Production                           |                                                                                                                    |
|                             |            |                                                        |                                                                                                                    |
| Overall confidence level    | Low        |                                                        |                                                                                                                    |
+-----------------------------+------------+--------------------------------------------------------+--------------------------------------------------------------------------------------------------------------------+


2. Settings
-----------

2.1 Environment
---------------

+-----------------------+--------------------------+
| Ambient Temp (C)      | 25.0                     |
| ThetaJA (C/W)         | 4.6                      |
| Airflow (LFM)         | 250                      |
| Heat Sink             | medium (Medium Profile)  |
| ThetaSA (C/W)         | 4.6                      |
| Board Selection       | medium (10"x10")         |
| # of Board Layers     | 12to15 (12 to 15 Layers) |
| Board Temperature (C) | 25.0                     |
+-----------------------+--------------------------+


2.2 Clock Constraints
---------------------

+-------+--------+-----------------+
| Clock | Domain | Constraint (ns) |
+-------+--------+-----------------+


3. Detailed Reports
-------------------

3.1 By Hierarchy
----------------

+----------------------+-----------+
| Name                 | Power (W) |
+----------------------+-----------+
| dbu                  |    13.594 |
|   cpu_pipeline       |     6.845 |
|     ALU              |     0.077 |
|     EX_MEM           |     1.859 |
|     ID_EX            |     1.067 |
|     IF_ID            |     1.066 |
|     MEM_WB           |     0.467 |
|     branch_predictor |     0.568 |
|     ctrl_unit        |     0.008 |
|     data_mem         |     0.035 |
|       U0             |     0.035 |
|     mem_instr        |     0.270 |
|       U0             |     0.270 |
|     register_file    |     0.671 |
|   dec_edge_taker     |     0.008 |
|   inc_edge_taker     |     0.074 |
|   nixietube          |     0.423 |
+----------------------+-----------+


