Copyright 1986-2019 Xilinx, Inc. All Rights Reserved.
------------------------------------------------------------------------------------
| Tool Version : Vivado v.2019.2 (win64) Build 2708876 Wed Nov  6 21:40:23 MST 2019
| Date         : Fri May 22 14:30:37 2020
| Host         : DESKTOP-CK1FK5P running 64-bit major release  (build 9200)
| Command      : report_control_sets -verbose -file dbu_control_sets_placed.rpt
| Design       : dbu
| Device       : xc7a100t
------------------------------------------------------------------------------------

Control Set Information

Table of Contents
-----------------
1. Summary
2. Histogram
3. Flip-Flop Distribution
4. Detailed Control Set Information

1. Summary
----------

+----------------------------------------------------------+-------+
|                          Status                          | Count |
+----------------------------------------------------------+-------+
| Total control sets                                       |   116 |
|    Minimum number of control sets                        |   116 |
|    Addition due to synthesis replication                 |     0 |
|    Addition due to physical synthesis replication        |     0 |
| Unused register locations in slices containing registers |   685 |
+----------------------------------------------------------+-------+
* Control sets can be merged at opt_design using control_set_merge or merge_equivalent_drivers
** Run report_qor_suggestions for automated merging and remapping suggestions


2. Histogram
------------

+--------------------+-------+
|       Fanout       | Count |
+--------------------+-------+
| Total control sets |   116 |
| >= 0 to < 4        |    96 |
| >= 4 to < 6        |     0 |
| >= 6 to < 8        |     1 |
| >= 8 to < 10       |     2 |
| >= 10 to < 12      |     0 |
| >= 12 to < 14      |     1 |
| >= 14 to < 16      |     0 |
| >= 16              |    16 |
+--------------------+-------+
* Control sets can be remapped at either synth_design or opt_design


3. Flip-Flop Distribution
-------------------------

+--------------+-----------------------+------------------------+-----------------+--------------+
| Clock Enable | Synchronous Set/Reset | Asynchronous Set/Reset | Total Registers | Total Slices |
+--------------+-----------------------+------------------------+-----------------+--------------+
| No           | No                    | No                     |               6 |            4 |
| No           | No                    | Yes                    |              64 |           64 |
| No           | Yes                   | No                     |              32 |           32 |
| Yes          | No                    | No                     |               0 |            0 |
| Yes          | No                    | Yes                    |             509 |          239 |
| Yes          | Yes                   | No                     |               0 |            0 |
+--------------+-----------------------+------------------------+-----------------+--------------+


4. Detailed Control Set Information
-----------------------------------

+-------------------------------------------+--------------------------------------------------------+------------------------------------------+------------------+----------------+
|                Clock Signal               |                      Enable Signal                     |             Set/Reset Signal             | Slice Load Count | Bel Load Count |
+-------------------------------------------+--------------------------------------------------------+------------------------------------------+------------------+----------------+
|  nixietube/cnt_1000HZ_reg[18]_LDC_i_1_n_0 |                                                        | nixietube/cnt_1000HZ_reg[18]_LDC_i_2_n_0 |                1 |              1 |
|  nixietube/cnt_1000HZ_reg[14]_LDC_i_1_n_0 |                                                        | nixietube/cnt_1000HZ_reg[14]_LDC_i_2_n_0 |                1 |              1 |
|  nixietube/cnt_1000HZ_reg[0]_LDC_i_1_n_0  |                                                        | nixietube/cnt_1000HZ_reg[0]_LDC_i_2_n_0  |                1 |              1 |
|  nixietube/cnt_1000HZ_reg[13]_LDC_i_1_n_0 |                                                        | nixietube/cnt_1000HZ_reg[13]_LDC_i_2_n_0 |                1 |              1 |
|  nixietube/cnt_1000HZ_reg[17]_LDC_i_1_n_0 |                                                        | nixietube/cnt_1000HZ_reg[17]_LDC_i_2_n_0 |                1 |              1 |
|  nixietube/cnt_1000HZ_reg[10]_LDC_i_1_n_0 |                                                        | nixietube/cnt_1000HZ_reg[10]_LDC_i_2_n_0 |                1 |              1 |
|  nixietube/cnt_1000HZ_reg[11]_LDC_i_1_n_0 |                                                        | nixietube/cnt_1000HZ_reg[11]_LDC_i_2_n_0 |                1 |              1 |
|  nixietube/cnt_1000HZ_reg[12]_LDC_i_1_n_0 |                                                        | nixietube/cnt_1000HZ_reg[12]_LDC_i_2_n_0 |                1 |              1 |
|  nixietube/cnt_1000HZ_reg[15]_LDC_i_1_n_0 |                                                        | nixietube/cnt_1000HZ_reg[15]_LDC_i_2_n_0 |                1 |              1 |
|  nixietube/cnt_1000HZ_reg[16]_LDC_i_1_n_0 |                                                        | nixietube/cnt_1000HZ_reg[16]_LDC_i_2_n_0 |                1 |              1 |
|  nixietube/cnt_1000HZ_reg[28]_LDC_i_1_n_0 |                                                        | nixietube/cnt_1000HZ_reg[28]_LDC_i_2_n_0 |                1 |              1 |
|  nixietube/cnt_1000HZ_reg[26]_LDC_i_1_n_0 |                                                        | nixietube/cnt_1000HZ_reg[26]_LDC_i_2_n_0 |                1 |              1 |
|  nixietube/cnt_1000HZ_reg[22]_LDC_i_1_n_0 |                                                        | nixietube/cnt_1000HZ_reg[22]_LDC_i_2_n_0 |                1 |              1 |
|  nixietube/cnt_1000HZ_reg[19]_LDC_i_1_n_0 |                                                        | nixietube/cnt_1000HZ_reg[19]_LDC_i_2_n_0 |                1 |              1 |
|  nixietube/cnt_1000HZ_reg[25]_LDC_i_1_n_0 |                                                        | nixietube/cnt_1000HZ_reg[25]_LDC_i_2_n_0 |                1 |              1 |
|  nixietube/cnt_1000HZ_reg[27]_LDC_i_1_n_0 |                                                        | nixietube/cnt_1000HZ_reg[27]_LDC_i_2_n_0 |                1 |              1 |
|  nixietube/cnt_1000HZ_reg[20]_LDC_i_1_n_0 |                                                        | nixietube/cnt_1000HZ_reg[20]_LDC_i_2_n_0 |                1 |              1 |
|  nixietube/cnt_1000HZ_reg[21]_LDC_i_1_n_0 |                                                        | nixietube/cnt_1000HZ_reg[21]_LDC_i_2_n_0 |                1 |              1 |
|  nixietube/cnt_1000HZ_reg[1]_LDC_i_1_n_0  |                                                        | nixietube/cnt_1000HZ_reg[1]_LDC_i_2_n_0  |                1 |              1 |
|  nixietube/cnt_1000HZ_reg[24]_LDC_i_1_n_0 |                                                        | nixietube/cnt_1000HZ_reg[24]_LDC_i_2_n_0 |                1 |              1 |
|  nixietube/cnt_1000HZ_reg[23]_LDC_i_1_n_0 |                                                        | nixietube/cnt_1000HZ_reg[23]_LDC_i_2_n_0 |                1 |              1 |
|  nixietube/cnt_1000HZ_reg[7]_LDC_i_1_n_0  |                                                        | nixietube/cnt_1000HZ_reg[7]_LDC_i_2_n_0  |                1 |              1 |
|  nixietube/cnt_1000HZ_reg[29]_LDC_i_1_n_0 |                                                        | nixietube/cnt_1000HZ_reg[29]_LDC_i_2_n_0 |                1 |              1 |
|  nixietube/cnt_1000HZ_reg[4]_LDC_i_1_n_0  |                                                        | nixietube/cnt_1000HZ_reg[4]_LDC_i_2_n_0  |                1 |              1 |
|  nixietube/cnt_1000HZ_reg[5]_LDC_i_1_n_0  |                                                        | nixietube/cnt_1000HZ_reg[5]_LDC_i_2_n_0  |                1 |              1 |
|  nixietube/cnt_1000HZ_reg[30]_LDC_i_1_n_0 |                                                        | nixietube/cnt_1000HZ_reg[30]_LDC_i_2_n_0 |                1 |              1 |
|  nixietube/cnt_1000HZ_reg[31]_LDC_i_1_n_0 |                                                        | nixietube/cnt_1000HZ_reg[31]_LDC_i_2_n_0 |                1 |              1 |
|  nixietube/cnt_1000HZ_reg[8]_LDC_i_1_n_0  |                                                        | nixietube/cnt_1000HZ_reg[8]_LDC_i_2_n_0  |                1 |              1 |
|  nixietube/cnt_1000HZ_reg[6]_LDC_i_1_n_0  |                                                        | nixietube/cnt_1000HZ_reg[6]_LDC_i_2_n_0  |                1 |              1 |
|  nixietube/cnt_1000HZ_reg[2]_LDC_i_1_n_0  |                                                        | nixietube/cnt_1000HZ_reg[2]_LDC_i_2_n_0  |                1 |              1 |
|  nixietube/cnt_1000HZ_reg[3]_LDC_i_1_n_0  |                                                        | nixietube/cnt_1000HZ_reg[3]_LDC_i_2_n_0  |                1 |              1 |
|  nixietube/cnt_1000HZ_reg[9]_LDC_i_1_n_0  |                                                        | nixietube/cnt_1000HZ_reg[9]_LDC_i_2_n_0  |                1 |              1 |
|  clk_IBUF_BUFG                            |                                                        | nixietube/cnt_1000HZ_reg[9]_LDC_i_1_n_0  |                1 |              1 |
|  clk_IBUF_BUFG                            |                                                        | nixietube/cnt_1000HZ_reg[18]_LDC_i_1_n_0 |                1 |              1 |
|  clk_IBUF_BUFG                            |                                                        | nixietube/cnt_1000HZ_reg[14]_LDC_i_1_n_0 |                1 |              1 |
|  clk_IBUF_BUFG                            |                                                        | nixietube/cnt_1000HZ_reg[0]_LDC_i_1_n_0  |                1 |              1 |
|  clk_IBUF_BUFG                            |                                                        | nixietube/cnt_1000HZ_reg[13]_LDC_i_1_n_0 |                1 |              1 |
|  clk_IBUF_BUFG                            |                                                        | nixietube/cnt_1000HZ_reg[15]_LDC_i_2_n_0 |                1 |              1 |
|  clk_IBUF_BUFG                            |                                                        | nixietube/cnt_1000HZ_reg[10]_LDC_i_2_n_0 |                1 |              1 |
|  clk_IBUF_BUFG                            |                                                        | nixietube/cnt_1000HZ_reg[17]_LDC_i_2_n_0 |                1 |              1 |
|  clk_IBUF_BUFG                            |                                                        | nixietube/cnt_1000HZ_reg[17]_LDC_i_1_n_0 |                1 |              1 |
|  clk_IBUF_BUFG                            |                                                        | nixietube/cnt_1000HZ_reg[11]_LDC_i_2_n_0 |                1 |              1 |
|  clk_IBUF_BUFG                            |                                                        | nixietube/cnt_1000HZ_reg[13]_LDC_i_2_n_0 |                1 |              1 |
|  clk_IBUF_BUFG                            |                                                        | nixietube/cnt_1000HZ_reg[12]_LDC_i_2_n_0 |                1 |              1 |
|  clk_IBUF_BUFG                            |                                                        | nixietube/cnt_1000HZ_reg[10]_LDC_i_1_n_0 |                1 |              1 |
|  clk_IBUF_BUFG                            |                                                        | nixietube/cnt_1000HZ_reg[18]_LDC_i_2_n_0 |                1 |              1 |
|  clk_IBUF_BUFG                            |                                                        | nixietube/cnt_1000HZ_reg[11]_LDC_i_1_n_0 |                1 |              1 |
|  clk_IBUF_BUFG                            |                                                        | nixietube/cnt_1000HZ_reg[12]_LDC_i_1_n_0 |                1 |              1 |
|  clk_IBUF_BUFG                            |                                                        | nixietube/cnt_1000HZ_reg[15]_LDC_i_1_n_0 |                1 |              1 |
|  clk_IBUF_BUFG                            |                                                        | nixietube/cnt_1000HZ_reg[0]_LDC_i_2_n_0  |                1 |              1 |
|  clk_IBUF_BUFG                            |                                                        | nixietube/cnt_1000HZ_reg[16]_LDC_i_1_n_0 |                1 |              1 |
|  clk_IBUF_BUFG                            |                                                        | nixietube/cnt_1000HZ_reg[14]_LDC_i_2_n_0 |                1 |              1 |
|  clk_IBUF_BUFG                            |                                                        | nixietube/cnt_1000HZ_reg[16]_LDC_i_2_n_0 |                1 |              1 |
|  clk_IBUF_BUFG                            |                                                        | nixietube/cnt_1000HZ_reg[28]_LDC_i_1_n_0 |                1 |              1 |
|  clk_IBUF_BUFG                            |                                                        | nixietube/cnt_1000HZ_reg[26]_LDC_i_1_n_0 |                1 |              1 |
|  clk_IBUF_BUFG                            |                                                        | nixietube/cnt_1000HZ_reg[22]_LDC_i_1_n_0 |                1 |              1 |
|  clk_IBUF_BUFG                            |                                                        | nixietube/cnt_1000HZ_reg[19]_LDC_i_2_n_0 |                1 |              1 |
|  clk_IBUF_BUFG                            |                                                        | nixietube/cnt_1000HZ_reg[28]_LDC_i_2_n_0 |                1 |              1 |
|  clk_IBUF_BUFG                            |                                                        | nixietube/cnt_1000HZ_reg[19]_LDC_i_1_n_0 |                1 |              1 |
|  clk_IBUF_BUFG                            |                                                        | nixietube/cnt_1000HZ_reg[25]_LDC_i_2_n_0 |                1 |              1 |
|  clk_IBUF_BUFG                            |                                                        | nixietube/cnt_1000HZ_reg[25]_LDC_i_1_n_0 |                1 |              1 |
|  clk_IBUF_BUFG                            |                                                        | nixietube/cnt_1000HZ_reg[23]_LDC_i_2_n_0 |                1 |              1 |
|  clk_IBUF_BUFG                            |                                                        | nixietube/cnt_1000HZ_reg[27]_LDC_i_1_n_0 |                1 |              1 |
|  clk_IBUF_BUFG                            |                                                        | nixietube/cnt_1000HZ_reg[27]_LDC_i_2_n_0 |                1 |              1 |
|  clk_IBUF_BUFG                            |                                                        | nixietube/cnt_1000HZ_reg[21]_LDC_i_2_n_0 |                1 |              1 |
|  clk_IBUF_BUFG                            |                                                        | nixietube/cnt_1000HZ_reg[1]_LDC_i_2_n_0  |                1 |              1 |
|  clk_IBUF_BUFG                            |                                                        | nixietube/cnt_1000HZ_reg[20]_LDC_i_2_n_0 |                1 |              1 |
|  clk_IBUF_BUFG                            |                                                        | nixietube/cnt_1000HZ_reg[20]_LDC_i_1_n_0 |                1 |              1 |
|  clk_IBUF_BUFG                            |                                                        | nixietube/cnt_1000HZ_reg[21]_LDC_i_1_n_0 |                1 |              1 |
|  clk_IBUF_BUFG                            |                                                        | nixietube/cnt_1000HZ_reg[1]_LDC_i_1_n_0  |                1 |              1 |
|  clk_IBUF_BUFG                            |                                                        | nixietube/cnt_1000HZ_reg[22]_LDC_i_2_n_0 |                1 |              1 |
|  clk_IBUF_BUFG                            |                                                        | nixietube/cnt_1000HZ_reg[24]_LDC_i_1_n_0 |                1 |              1 |
|  clk_IBUF_BUFG                            |                                                        | nixietube/cnt_1000HZ_reg[24]_LDC_i_2_n_0 |                1 |              1 |
|  clk_IBUF_BUFG                            |                                                        | nixietube/cnt_1000HZ_reg[23]_LDC_i_1_n_0 |                1 |              1 |
|  clk_IBUF_BUFG                            |                                                        | nixietube/cnt_1000HZ_reg[26]_LDC_i_2_n_0 |                1 |              1 |
|  clk_IBUF_BUFG                            |                                                        | nixietube/cnt_1000HZ_reg[7]_LDC_i_1_n_0  |                1 |              1 |
|  clk_IBUF_BUFG                            |                                                        | nixietube/cnt_1000HZ_reg[31]_LDC_i_2_n_0 |                1 |              1 |
|  clk_IBUF_BUFG                            |                                                        | nixietube/cnt_1000HZ_reg[29]_LDC_i_1_n_0 |                1 |              1 |
|  clk_IBUF_BUFG                            |                                                        | nixietube/cnt_1000HZ_reg[4]_LDC_i_1_n_0  |                1 |              1 |
|  clk_IBUF_BUFG                            |                                                        | nixietube/cnt_1000HZ_reg[4]_LDC_i_2_n_0  |                1 |              1 |
|  clk_IBUF_BUFG                            |                                                        | nixietube/cnt_1000HZ_reg[5]_LDC_i_1_n_0  |                1 |              1 |
|  clk_IBUF_BUFG                            |                                                        | nixietube/cnt_1000HZ_reg[5]_LDC_i_2_n_0  |                1 |              1 |
|  clk_IBUF_BUFG                            |                                                        | nixietube/cnt_1000HZ_reg[8]_LDC_i_2_n_0  |                1 |              1 |
|  clk_IBUF_BUFG                            |                                                        | nixietube/cnt_1000HZ_reg[2]_LDC_i_2_n_0  |                1 |              1 |
|  clk_IBUF_BUFG                            |                                                        | nixietube/cnt_1000HZ_reg[30]_LDC_i_1_n_0 |                1 |              1 |
|  clk_IBUF_BUFG                            |                                                        | nixietube/cnt_1000HZ_reg[31]_LDC_i_1_n_0 |                1 |              1 |
|  clk_IBUF_BUFG                            |                                                        | nixietube/cnt_1000HZ_reg[7]_LDC_i_2_n_0  |                1 |              1 |
|  clk_IBUF_BUFG                            |                                                        | nixietube/cnt_1000HZ_reg[6]_LDC_i_2_n_0  |                1 |              1 |
|  clk_IBUF_BUFG                            |                                                        | nixietube/cnt_1000HZ_reg[30]_LDC_i_2_n_0 |                1 |              1 |
|  clk_IBUF_BUFG                            |                                                        | nixietube/cnt_1000HZ_reg[8]_LDC_i_1_n_0  |                1 |              1 |
|  clk_IBUF_BUFG                            |                                                        | nixietube/cnt_1000HZ_reg[6]_LDC_i_1_n_0  |                1 |              1 |
|  clk_IBUF_BUFG                            |                                                        | nixietube/cnt_1000HZ_reg[29]_LDC_i_2_n_0 |                1 |              1 |
|  clk_IBUF_BUFG                            |                                                        | nixietube/cnt_1000HZ_reg[2]_LDC_i_1_n_0  |                1 |              1 |
|  clk_IBUF_BUFG                            |                                                        | nixietube/cnt_1000HZ_reg[3]_LDC_i_2_n_0  |                1 |              1 |
|  clk_IBUF_BUFG                            |                                                        | nixietube/cnt_1000HZ_reg[3]_LDC_i_1_n_0  |                1 |              1 |
|  clk_IBUF_BUFG                            |                                                        | nixietube/cnt_1000HZ_reg[9]_LDC_i_2_n_0  |                1 |              1 |
|  clk_IBUF_BUFG                            |                                                        |                                          |                4 |              6 |
|  clk_IBUF_BUFG                            | nixietube/FSM_onehot_an[1]_i_1_n_0                     | rst_IBUF                                 |                5 |              8 |
|  clk_IBUF_BUFG                            | cpu_one_circle/pc[9]_i_1_n_0                           | rst_IBUF                                 |                6 |              9 |
|  clk_IBUF_BUFG                            | dec_edge_taker/in1_reg[0]_0                            | rst_IBUF                                 |                3 |             12 |
|  clk_IBUF_BUFG                            | cpu_one_circle/register_file/registers[16][31]_i_1_n_0 | rst_IBUF                                 |               15 |             32 |
|  clk_IBUF_BUFG                            | cpu_one_circle/register_file/registers[3][31]_i_1_n_0  | rst_IBUF                                 |               22 |             32 |
|  clk_IBUF_BUFG                            | cpu_one_circle/register_file/registers[17][31]_i_1_n_0 | rst_IBUF                                 |               17 |             32 |
|  clk_IBUF_BUFG                            | cpu_one_circle/register_file/registers[11][31]_i_1_n_0 | rst_IBUF                                 |                8 |             32 |
|  clk_IBUF_BUFG                            | cpu_one_circle/register_file/registers[2][31]_i_1_n_0  | rst_IBUF                                 |               18 |             32 |
|  clk_IBUF_BUFG                            | cpu_one_circle/register_file/registers[25][31]_i_1_n_0 | rst_IBUF                                 |               18 |             32 |
|  clk_IBUF_BUFG                            | cpu_one_circle/register_file/registers[24][31]_i_1_n_0 | rst_IBUF                                 |               19 |             32 |
|  clk_IBUF_BUFG                            | cpu_one_circle/register_file/registers[9][31]_i_1_n_0  | rst_IBUF                                 |               19 |             32 |
|  clk_IBUF_BUFG                            | cpu_one_circle/register_file/registers[8][31]_i_1_n_0  | rst_IBUF                                 |               23 |             32 |
|  clk_IBUF_BUFG                            | cpu_one_circle/register_file/registers[26][31]_i_1_n_0 | rst_IBUF                                 |                8 |             32 |
|  clk_IBUF_BUFG                            | cpu_one_circle/register_file/registers[10][31]_i_1_n_0 | rst_IBUF                                 |                9 |             32 |
|  clk_IBUF_BUFG                            | cpu_one_circle/register_file/registers[1][31]_i_1_n_0  | rst_IBUF                                 |               11 |             32 |
|  clk_IBUF_BUFG                            | cpu_one_circle/register_file/registers[19][31]_i_1_n_0 | rst_IBUF                                 |               14 |             32 |
|  clk_IBUF_BUFG                            | cpu_one_circle/register_file/registers[27][31]_i_1_n_0 | rst_IBUF                                 |               12 |             32 |
|  clk_IBUF_BUFG                            | cpu_one_circle/register_file/registers[18][31]_i_1_n_0 | rst_IBUF                                 |               12 |             32 |
|  clk_IBUF_BUFG                            | cpu_one_circle/we0                                     |                                          |               32 |            128 |
+-------------------------------------------+--------------------------------------------------------+------------------------------------------+------------------+----------------+


